CPU "ARCH" Simulator, 2.5a(Jan 22 2015)
-----------------------------------------

IMemory sets starting address to 100
DMemory sets starting address to 100
00000100:  16    XORI    R2[00000005]
00000104:  01    NOP    
00000108:  01    NOP    
0000010c:  01    NOP    
00000110:  01    NOP    
00000114:  18    SLTI    R7[00000001]
00000118:  3d    BNE    
0000011c:  01    NOP    
00000120:  01    NOP    
00000124:  01    NOP    
00000128:  01    NOP    
0000012c:  00 07 BREAK  
     R2[00000005]  R7[00000001]
00000130:  00 07 BREAK  
     R2[00000005]  R7[00000001]
00000134:  00 07 BREAK  
     R2[00000005]  R7[00000001]
00000138:  01    NOP    
0000013c:  01    NOP    
00000140:  01    NOP    
00000144:  01    NOP    
00000148:  00 00 HALT   
Machine Halted - HALT instruction executed

Simulated time 47 cycles

LAST CPUObject DESTROYED; END OF SIMULATION
