CPU "ARCH" Simulator, 2.5a(Jan 22 2015)
-----------------------------------------

IMemory sets starting address to 100
DMemory sets starting address to 100
00000100:  16    XORI    R2[00000005]
00000104:  16    XORI    R3[0000000f]
00000108:  16    XORI    R6[0000006b]
0000010c:  16    XORI    R4[00000069]
00000110:  01    NOP    
00000114:  01    NOP    
00000118:  01    NOP    
0000011c:  01    NOP    
00000120:  01    NOP    
00000124:  00 10 ADD     R6[00000014]
00000128:  00 10 ADD     R5[0000007d]
0000012c:  00 07 BREAK  
     R2[00000005]  R3[0000000f]  R4[00000069]  R5[0000007d]
     R6[00000014]
00000130:  00 00 HALT   
Machine Halted - HALT instruction executed

Simulated time 35 cycles

LAST CPUObject DESTROYED; END OF SIMULATION
